"C:\Program Files\JetBrains\CLion 2020.2.1\bin\cmake\win\bin\cmake.exe" -DCMAKE_BUILD_TYPE=Debug "-DCMAKE_C_COMPILER=C:/Program Files/MINGW/mingw64/bin/gcc.exe" -G "CodeBlocks - MinGW Makefiles" C:\Users\Данила\homework_cpp\homework2\BankCell
-- The C compiler identification is GNU 8.1.0
-- The CXX compiler identification is GNU 8.1.0
-- Check for working C compiler: C:/Program Files/MINGW/mingw64/bin/gcc.exe
-- Check for working C compiler: C:/Program Files/MINGW/mingw64/bin/gcc.exe - broken
CMake Error at C:/Program Files/JetBrains/CLion 2020.2.1/bin/cmake/win/share/cmake-3.17/Modules/CMakeTestCCompiler.cmake:60 (message):
  The C compiler

    "C:/Program Files/MINGW/mingw64/bin/gcc.exe"

  is not able to compile a simple test program.

  It fails with the following output:

    Change Dir: C:/Users/Р”Р°РЅРёР»Р°/homework_cpp/homework2/BankCell/cmake-build-debug/CMakeFiles/CMakeTmp
    
    Run Build Command(s):C:/PROGRA~1/MINGW/mingw64/bin/mingw32-make.exe cmTC_b13ad/fast && C:/PROGRA~1/MINGW/mingw64/bin/mingw32-make.exe  -f CMakeFiles\cmTC_b13ad.dir\build.make CMakeFiles/cmTC_b13ad.dir/build
    mingw32-make.exe[1]: Entering directory 'C:/Users/в”ЂСЂСЌС€С‹СЂ/homework_cpp/homework2/BankCell/cmake-build-debug/CMakeFiles/CMakeTmp'
    Building C object CMakeFiles/cmTC_b13ad.dir/testCCompiler.c.obj
    C:\PROGRA~1\MINGW\mingw64\bin\gcc.exe    -o CMakeFiles\cmTC_b13ad.dir\testCCompiler.c.obj   -c C:\Users\в•ЁР¤в•Ёв–‘в•Ёв•њв•Ёв••в•Ёв•—в•Ёв–‘\homework_cpp\homework2\BankCell\cmake-build-debug\CMakeFiles\CMakeTmp\testCCompiler.c
    gcc.exe: error: C:\Users\в•ЁР¤в•Ёв–‘в•Ёв•њв•Ёв••в•Ёв•—в•Ёв–‘\homework_cpp\homework2\BankCell\cmake-build-debug\CMakeFiles\CMakeTmp\testCCompiler.c: No such file or directory
    gcc.exe: fatal error: no input files
    compilation terminated.
    mingw32-make.exe[1]: *** [CMakeFiles\cmTC_b13ad.dir\build.make:85: CMakeFiles/cmTC_b13ad.dir/testCCompiler.c.obj] Error 1
    mingw32-make.exe[1]: Leaving directory 'C:/Users/в”ЂСЂСЌС€С‹СЂ/homework_cpp/homework2/BankCell/cmake-build-debug/CMakeFiles/CMakeTmp'
    mingw32-make.exe: *** [Makefile:140: cmTC_b13ad/fast] Error 2
    
    

  

  CMake will not be able to correctly generate this project.
Call Stack (most recent call first):
  CMakeLists.txt:2 (project)


-- Configuring incomplete, errors occurred!
See also "C:/Users/Р”Р°РЅРёР»Р°/homework_cpp/homework2/BankCell/cmake-build-debug/CMakeFiles/CMakeOutput.log".
See also "C:/Users/Р”Р°РЅРёР»Р°/homework_cpp/homework2/BankCell/cmake-build-debug/CMakeFiles/CMakeError.log".
